\BOOKMARK [0][-]{chapter.1}{\376\377\000I\000n\000t\000r\000o\000d\000u\000c\000t\000i\000o\000n}{}% 1
\BOOKMARK [1][-]{section.1.1}{\376\377\000L\000e\000\040\000P\000r\000o\000j\000e\000t\000\040\000G\000u\000t\000e\000n\000b\000e\000r\000g}{chapter.1}% 2
\BOOKMARK [1][-]{section.1.2}{\376\377\000L\000e\000s\000\040\000M\000o\000d\000u\000l\000e\000s}{chapter.1}% 3
\BOOKMARK [2][-]{subsection.1.2.1}{\376\377\000L\000e\000\040\000S\000c\000r\000a\000p\000e\000r\000\040\000d\000e\000\040\000L\000i\000v\000r\000e\000s}{section.1.2}% 4
\BOOKMARK [2][-]{subsection.1.2.2}{\376\377\000L\000'\000A\000n\000a\000l\000y\000s\000e\000u\000r\000\040\000d\000e\000\040\000D\000o\000n\000n\000\351\000e\000s}{section.1.2}% 5
\BOOKMARK [2][-]{subsection.1.2.3}{\376\377\000L\000e\000\040\000M\000o\000d\000u\000l\000e\000\040\000d\000e\000\040\000C\000l\000u\000s\000t\000e\000r\000i\000n\000g\000\040\000d\000e\000\040\000D\000o\000n\000n\000\351\000e\000s}{section.1.2}% 6
\BOOKMARK [1][-]{section.1.3}{\376\377\000L\000'\000E\000x\000\351\000c\000u\000t\000i\000o\000n}{chapter.1}% 7
\BOOKMARK [0][-]{chapter.2}{\376\377\000F\000o\000n\000c\000t\000i\000o\000n\000n\000a\000l\000i\000t\000\351\000s}{}% 8
\BOOKMARK [1][-]{section.2.1}{\376\377\000T\000e\000c\000h\000n\000o\000l\000o\000g\000i\000e\000s\000\040\000U\000t\000i\000l\000i\000s\000\351\000e\000s}{chapter.2}% 9
\BOOKMARK [0][-]{chapter.3}{\376\377\000A\000n\000a\000l\000y\000s\000e\000u\000r\000\040\000d\000e\000\040\000D\000o\000n\000n\000\351\000e\000s}{}% 10
\BOOKMARK [1][-]{subsection.3.0.1}{\376\377\000C\000h\000a\000r\000g\000e\000m\000e\000n\000t\000\040\000d\000e\000s\000\040\000D\000o\000n\000n\000\351\000e\000s}{chapter.3}% 11
\BOOKMARK [2][-]{subsection.3.0.2}{\376\377\000A\000n\000a\000l\000y\000s\000e\000s}{subsection.3.0.1}% 12
\BOOKMARK [0][-]{chapter.4}{\376\377\000C\000l\000u\000s\000t\000e\000r\000i\000n\000g\000\040\000d\000e\000\040\000D\000o\000n\000n\000\351\000e\000s}{}% 13
\BOOKMARK [1][-]{subsection.4.0.1}{\376\377\000L\000e\000c\000t\000u\000r\000e\000\040\000e\000t\000\040\000P\000r\000\351\000t\000r\000a\000i\000t\000e\000m\000e\000n\000t\000\040\000d\000e\000s\000\040\000D\000o\000n\000n\000\351\000e\000s}{chapter.4}% 14
\BOOKMARK [2][-]{subsection.4.0.2}{\376\377\000C\000l\000u\000s\000t\000e\000r\000i\000n\000g\000\040\000K\000-\000M\000e\000a\000n\000s}{subsection.4.0.1}% 15
\BOOKMARK [2][-]{subsection.4.0.3}{\376\377\000C\000l\000u\000s\000t\000e\000r\000i\000n\000g\000\040\000M\000e\000a\000n\000\040\000S\000h\000i\000f\000t}{subsection.4.0.1}% 16
\BOOKMARK [2][-]{subsection.4.0.4}{\376\377\000\311\000v\000a\000l\000u\000a\000t\000i\000o\000n\000\040\000d\000e\000s\000\040\000C\000l\000u\000s\000t\000e\000r\000s}{subsection.4.0.1}% 17
\BOOKMARK [2][-]{subsection.4.0.5}{\376\377\000V\000i\000s\000u\000a\000l\000i\000s\000a\000t\000i\000o\000n\000\040\000d\000e\000s\000\040\000C\000l\000u\000s\000t\000e\000r\000s}{subsection.4.0.1}% 18
\BOOKMARK [0][-]{chapter.5}{\376\377\000R\000\351\000s\000u\000l\000t\000a\000t\000s}{}% 19
\BOOKMARK [1][-]{subsection.5.0.1}{\376\377\000T\000\351\000l\000\351\000c\000h\000a\000r\000g\000e\000m\000e\000n\000t\000\040\000d\000e\000s\000\040\000L\000i\000v\000r\000e\000s}{chapter.5}% 20
\BOOKMARK [2][-]{subsection.5.0.2}{\376\377\000C\000l\000u\000s\000t\000e\000r\000i\000n\000g\000\040\000d\000e\000\040\000D\000o\000n\000n\000\351\000e\000s}{subsection.5.0.1}% 21
\BOOKMARK [0][-]{chapter.6}{\376\377\000C\000o\000n\000c\000l\000u\000s\000i\000o\000n}{}% 22
