root - INFO - Tentative de téléchargement du livre depuis l'URL: https://www.gutenberg.org/ebooks/1513.txt.utf-8
root - INFO - Envoi de la requête GET
root - INFO - Tentative de téléchargement du livre depuis l'URL: https://www.gutenberg.org/ebooks/2701.txt.utf-8
root - INFO - Envoi de la requête GET
root - INFO - Tentative de téléchargement du livre depuis l'URL: https://www.gutenberg.org/ebooks/2641.txt.utf-8
root - INFO - Envoi de la requête GET
root - INFO - Tentative de téléchargement du livre depuis l'URL: https://www.gutenberg.org/ebooks/145.txt.utf-8
root - INFO - Envoi de la requête GET
root - INFO - Tentative de téléchargement du livre depuis l'URL: https://www.gutenberg.org/ebooks/100.txt.utf-8
root - INFO - Envoi de la requête GET
root - INFO - Tentative de téléchargement du livre depuis l'URL: https://www.gutenberg.org/ebooks/37106.txt.utf-8
root - INFO - Envoi de la requête GET
root - INFO - Tentative de téléchargement du livre depuis l'URL: https://www.gutenberg.org/ebooks/67979.txt.utf-8
root - INFO - Envoi de la requête GET
root - INFO - Tentative de téléchargement du livre depuis l'URL: https://www.gutenberg.org/ebooks/16389.txt.utf-8
root - INFO - Envoi de la requête GET
root - INFO - Tentative de téléchargement du livre depuis l'URL: https://www.gutenberg.org/ebooks/2160.txt.utf-8
root - INFO - Tentative de téléchargement du livre depuis l'URL: https://www.gutenberg.org/ebooks/6761.txt.utf-8
root - INFO - Envoi de la requête GET
root - INFO - Envoi de la requête GET
root - INFO - Tentative de téléchargement du livre depuis l'URL: https://www.gutenberg.org/ebooks/394.txt.utf-8
root - INFO - Tentative de téléchargement du livre depuis l'URL: https://www.gutenberg.org/ebooks/4085.txt.utf-8
root - INFO - Envoi de la requête GET
root - INFO - Envoi de la requête GET
root - INFO - Code de statut HTTP de la réponse: 200
root - INFO - Tentative de téléchargement du livre depuis l'URL: https://www.gutenberg.org/ebooks/6593.txt.utf-8
root - INFO - Envoi de la requête GET
root - INFO - Code de statut HTTP de la réponse: 200
root - INFO - Tentative de téléchargement du livre depuis l'URL: https://www.gutenberg.org/ebooks/1259.txt.utf-8
root - INFO - Envoi de la requête GET
root - INFO - Code de statut HTTP de la réponse: 200
root - INFO - Tentative de téléchargement du livre depuis l'URL: https://www.gutenberg.org/ebooks/5197.txt.utf-8
root - INFO - Envoi de la requête GET
root - INFO - Code de statut HTTP de la réponse: 200
root - INFO - Code de statut HTTP de la réponse: 200
root - INFO - Code de statut HTTP de la réponse: 200
root - INFO - Code de statut HTTP de la réponse: 200
root - INFO - Code de statut HTTP de la réponse: 200
root - INFO - Tentative de téléchargement du livre depuis l'URL: https://www.gutenberg.org/ebooks/1342.txt.utf-8
root - INFO - Envoi de la requête GET
root - INFO - Tentative de téléchargement du livre depuis l'URL: https://www.gutenberg.org/ebooks/11.txt.utf-8
root - INFO - Envoi de la requête GET
root - INFO - Tentative de téléchargement du livre depuis l'URL: https://www.gutenberg.org/ebooks/70874.txt.utf-8
root - INFO - Envoi de la requête GET
root - INFO - Tentative de téléchargement du livre depuis l'URL: https://www.gutenberg.org/ebooks/84.txt.utf-8
root - INFO - Envoi de la requête GET
root - INFO - Tentative de téléchargement du livre depuis l'URL: https://www.gutenberg.org/ebooks/47629.txt.utf-8
root - INFO - Envoi de la requête GET
root - INFO - Code de statut HTTP de la réponse: 200
root - INFO - Code de statut HTTP de la réponse: 200
root - INFO - Tentative de téléchargement du livre depuis l'URL: https://www.gutenberg.org/ebooks/20228.txt.utf-8
root - INFO - Envoi de la requête GET
root - INFO - Tentative de téléchargement du livre depuis l'URL: https://www.gutenberg.org/ebooks/70875.txt.utf-8
root - INFO - Envoi de la requête GET
root - INFO - Code de statut HTTP de la réponse: 200
root - INFO - Tentative de téléchargement du livre depuis l'URL: https://www.gutenberg.org/ebooks/2600.txt.utf-8
root - INFO - Envoi de la requête GET
root - INFO - Code de statut HTTP de la réponse: 200
root - INFO - Code de statut HTTP de la réponse: 200
root - INFO - Code de statut HTTP de la réponse: 200
root - INFO - Code de statut HTTP de la réponse: 200
root - INFO - Code de statut HTTP de la réponse: 200
root - INFO - Code de statut HTTP de la réponse: 200
root - INFO - Code de statut HTTP de la réponse: 200
root - INFO - Code de statut HTTP de la réponse: 200
root - INFO - Code de statut HTTP de la réponse: 200
root - INFO - Tentative de téléchargement du livre depuis l'URL: https://www.gutenberg.org/ebooks/174.txt.utf-8
root - INFO - Envoi de la requête GET
root - INFO - Tentative de téléchargement du livre depuis l'URL: https://www.gutenberg.org/ebooks/345.txt.utf-8
root - INFO - Envoi de la requête GET
root - INFO - Code de statut HTTP de la réponse: 200
root - INFO - Code de statut HTTP de la réponse: 200
root - INFO - Tentative de téléchargement du livre depuis l'URL: https://www.gutenberg.org/ebooks/70872.txt.utf-8
root - INFO - Envoi de la requête GET
root - INFO - Code de statut HTTP de la réponse: 200
root - INFO - Tentative de téléchargement du livre depuis l'URL: https://www.gutenberg.org/ebooks/64317.txt.utf-8
root - INFO - Envoi de la requête GET
root - INFO - Tentative de téléchargement du livre depuis l'URL: https://www.gutenberg.org/ebooks/1661.txt.utf-8
root - INFO - Envoi de la requête GET
root - INFO - Tentative de téléchargement du livre depuis l'URL: https://www.gutenberg.org/ebooks/98.txt.utf-8
root - INFO - Envoi de la requête GET
root - INFO - Code de statut HTTP de la réponse: 200
root - INFO - Tentative de téléchargement du livre depuis l'URL: https://www.gutenberg.org/ebooks/26184.txt.utf-8
root - INFO - Envoi de la requête GET
root - INFO - Tentative de téléchargement du livre depuis l'URL: https://www.gutenberg.org/ebooks/1184.txt.utf-8
root - INFO - Envoi de la requête GET
root - INFO - Tentative de téléchargement du livre depuis l'URL: https://www.gutenberg.org/ebooks/28054.txt.utf-8
root - INFO - Envoi de la requête GET
root - INFO - Tentative de téléchargement du livre depuis l'URL: https://www.gutenberg.org/ebooks/70873.txt.utf-8
root - INFO - Envoi de la requête GET
root - INFO - Code de statut HTTP de la réponse: 200
root - INFO - Tentative de téléchargement du livre depuis l'URL: https://www.gutenberg.org/ebooks/10676.txt.utf-8
root - INFO - Envoi de la requête GET
root - INFO - Tentative de téléchargement du livre depuis l'URL: https://www.gutenberg.org/ebooks/844.txt.utf-8
root - INFO - Envoi de la requête GET
root - INFO - Code de statut HTTP de la réponse: 200
root - INFO - Tentative de téléchargement du livre depuis l'URL: https://www.gutenberg.org/ebooks/5200.txt.utf-8
root - INFO - Envoi de la requête GET
root - INFO - Tentative de téléchargement du livre depuis l'URL: https://www.gutenberg.org/ebooks/63644.txt.utf-8
root - INFO - Envoi de la requête GET
root - INFO - Tentative de téléchargement du livre depuis l'URL: https://www.gutenberg.org/ebooks/1952.txt.utf-8
root - INFO - Envoi de la requête GET
root - INFO - Code de statut HTTP de la réponse: 200
root - INFO - Code de statut HTTP de la réponse: 200
root - INFO - Tentative de téléchargement du livre depuis l'URL: https://www.gutenberg.org/ebooks/1400.txt.utf-8
root - INFO - Envoi de la requête GET
root - INFO - Code de statut HTTP de la réponse: 200
root - INFO - Code de statut HTTP de la réponse: 200
root - INFO - Tentative de téléchargement du livre depuis l'URL: https://www.gutenberg.org/ebooks/15845.txt.utf-8
root - INFO - Envoi de la requête GET
root - INFO - Tentative de téléchargement du livre depuis l'URL: https://www.gutenberg.org/ebooks/5740.txt.utf-8
root - INFO - Envoi de la requête GET
root - INFO - Tentative de téléchargement du livre depuis l'URL: https://www.gutenberg.org/ebooks/6130.txt.utf-8
root - INFO - Envoi de la requête GET
root - INFO - Code de statut HTTP de la réponse: 200
root - INFO - Tentative de téléchargement du livre depuis l'URL: https://www.gutenberg.org/ebooks/2554.txt.utf-8
root - INFO - Envoi de la requête GET
root - INFO - Code de statut HTTP de la réponse: 404
root - ERROR - Impossible de télécharger le livre 'Schools of Hellas' (code de statut: 404).
root - INFO - Tentative de téléchargement du livre depuis l'URL: https://www.gutenberg.org/ebooks/76.txt.utf-8
root - INFO - Envoi de la requête GET
root - INFO - Code de statut HTTP de la réponse: 200
root - INFO - Tentative de téléchargement du livre depuis l'URL: https://www.gutenberg.org/ebooks/1998.txt.utf-8
root - INFO - Envoi de la requête GET
root - INFO - Code de statut HTTP de la réponse: 200
root - INFO - Code de statut HTTP de la réponse: 200
root - INFO - Tentative de téléchargement du livre depuis l'URL: https://www.gutenberg.org/ebooks/27827.txt.utf-8
root - INFO - Envoi de la requête GET
root - INFO - Tentative de téléchargement du livre depuis l'URL: https://www.gutenberg.org/ebooks/30254.txt.utf-8
root - INFO - Envoi de la requête GET
root - INFO - Code de statut HTTP de la réponse: 200
root - INFO - Code de statut HTTP de la réponse: 200
root - INFO - Code de statut HTTP de la réponse: 200
root - INFO - Code de statut HTTP de la réponse: 404
root - ERROR - Impossible de télécharger le livre 'Tractatus Logico-Philosophicus' (code de statut: 404).
root - INFO - Tentative de téléchargement du livre depuis l'URL: https://www.gutenberg.org/ebooks/2542.txt.utf-8
root - INFO - Envoi de la requête GET
root - INFO - Code de statut HTTP de la réponse: 200
root - INFO - Code de statut HTTP de la réponse: 200
root - INFO - Code de statut HTTP de la réponse: 404
root - ERROR - Impossible de télécharger le livre 'The Romance of Lust: A classic Victorian erotic novel' (code de statut: 404).
root - INFO - Tentative de téléchargement du livre depuis l'URL: https://www.gutenberg.org/ebooks/50781.txt.utf-8
root - INFO - Envoi de la requête GET
root - INFO - Code de statut HTTP de la réponse: 200
root - INFO - Code de statut HTTP de la réponse: 200
root - INFO - Tentative de téléchargement du livre depuis l'URL: https://www.gutenberg.org/ebooks/1080.txt.utf-8
root - INFO - Envoi de la requête GET
root - INFO - Code de statut HTTP de la réponse: 200
root - INFO - Code de statut HTTP de la réponse: 200
root - INFO - Code de statut HTTP de la réponse: 200
root - INFO - Code de statut HTTP de la réponse: 200
root - INFO - Code de statut HTTP de la réponse: 404
root - ERROR - Impossible de télécharger le livre 'The Mystery Ship: A Story of the 'Q' Ships During the Great War' (code de statut: 404).
root - INFO - Tentative de téléchargement du livre depuis l'URL: https://www.gutenberg.org/ebooks/4300.txt.utf-8
root - INFO - Envoi de la requête GET
root - INFO - Tentative de téléchargement du livre depuis l'URL: https://www.gutenberg.org/ebooks/55.txt.utf-8
root - INFO - Envoi de la requête GET
root - INFO - Tentative de téléchargement du livre depuis l'URL: https://www.gutenberg.org/ebooks/2591.txt.utf-8
root - INFO - Envoi de la requête GET
root - INFO - Tentative de téléchargement du livre depuis l'URL: https://www.gutenberg.org/ebooks/35899.txt.utf-8
root - INFO - Envoi de la requête GET
root - INFO - Code de statut HTTP de la réponse: 200
root - INFO - Tentative de téléchargement du livre depuis l'URL: https://www.gutenberg.org/ebooks/1232.txt.utf-8
root - INFO - Envoi de la requête GET
root - INFO - Tentative de téléchargement du livre depuis l'URL: https://www.gutenberg.org/ebooks/996.txt.utf-8
root - INFO - Envoi de la requête GET
root - INFO - Tentative de téléchargement du livre depuis l'URL: https://www.gutenberg.org/ebooks/25344.txt.utf-8
root - INFO - Envoi de la requête GET
root - INFO - Tentative de téléchargement du livre depuis l'URL: https://www.gutenberg.org/ebooks/4363.txt.utf-8
root - INFO - Envoi de la requête GET
root - INFO - Tentative de téléchargement du livre depuis l'URL: https://www.gutenberg.org/ebooks/43.txt.utf-8
root - INFO - Envoi de la requête GET
root - INFO - Tentative de téléchargement du livre depuis l'URL: https://www.gutenberg.org/ebooks/1260.txt.utf-8
root - INFO - Envoi de la requête GET
root - INFO - Tentative de téléchargement du livre depuis l'URL: https://www.gutenberg.org/ebooks/70871.txt.utf-8
root - INFO - Envoi de la requête GET
root - INFO - Tentative de téléchargement du livre depuis l'URL: https://www.gutenberg.org/ebooks/244.txt.utf-8
root - INFO - Envoi de la requête GET
root - INFO - Code de statut HTTP de la réponse: 200
root - INFO - Tentative de téléchargement du livre depuis l'URL: https://www.gutenberg.org/ebooks/768.txt.utf-8
root - INFO - Envoi de la requête GET
root - INFO - Code de statut HTTP de la réponse: 200
root - INFO - Code de statut HTTP de la réponse: 200
root - INFO - Code de statut HTTP de la réponse: 200
root - INFO - Code de statut HTTP de la réponse: 200
root - INFO - Code de statut HTTP de la réponse: 200
root - INFO - Tentative de téléchargement du livre depuis l'URL: https://www.gutenberg.org/ebooks/70849.txt.utf-8
root - INFO - Envoi de la requête GET
root - INFO - Tentative de téléchargement du livre depuis l'URL: https://www.gutenberg.org/ebooks/3206.txt.utf-8
root - INFO - Envoi de la requête GET
root - INFO - Tentative de téléchargement du livre depuis l'URL: https://www.gutenberg.org/ebooks/120.txt.utf-8
root - INFO - Envoi de la requête GET
root - INFO - Tentative de téléchargement du livre depuis l'URL: https://www.gutenberg.org/ebooks/42108.txt.utf-8
root - INFO - Envoi de la requête GET
root - INFO - Code de statut HTTP de la réponse: 200
root - INFO - Code de statut HTTP de la réponse: 200
root - INFO - Code de statut HTTP de la réponse: 200
root - INFO - Tentative de téléchargement du livre depuis l'URL: https://www.gutenberg.org/ebooks/1399.txt.utf-8
root - INFO - Envoi de la requête GET
root - INFO - Code de statut HTTP de la réponse: 200
root - INFO - Tentative de téléchargement du livre depuis l'URL: https://www.gutenberg.org/ebooks/1727.txt.utf-8
root - INFO - Envoi de la requête GET
root - INFO - Tentative de téléchargement du livre depuis l'URL: https://www.gutenberg.org/ebooks/67098.txt.utf-8
root - INFO - Envoi de la requête GET
root - INFO - Tentative de téléchargement du livre depuis l'URL: https://www.gutenberg.org/ebooks/45.txt.utf-8
root - INFO - Envoi de la requête GET
root - INFO - Code de statut HTTP de la réponse: 200
root - INFO - Code de statut HTTP de la réponse: 200
root - INFO - Tentative de téléchargement du livre depuis l'URL: https://www.gutenberg.org/ebooks/70870.txt.utf-8
root - INFO - Envoi de la requête GET
root - INFO - Tentative de téléchargement du livre depuis l'URL: https://www.gutenberg.org/ebooks/2680.txt.utf-8
root - INFO - Envoi de la requête GET
root - INFO - Code de statut HTTP de la réponse: 200
root - INFO - Code de statut HTTP de la réponse: 200
root - INFO - Code de statut HTTP de la réponse: 404
root - ERROR - Impossible de télécharger le livre 'The slang dictionary :' (code de statut: 404).
root - INFO - Tentative de téléchargement du livre depuis l'URL: https://www.gutenberg.org/ebooks/8800.txt.utf-8
root - INFO - Envoi de la requête GET
root - INFO - Tentative de téléchargement du livre depuis l'URL: https://www.gutenberg.org/ebooks/58585.txt.utf-8
root - INFO - Envoi de la requête GET
root - INFO - Code de statut HTTP de la réponse: 200
root - INFO - Tentative de téléchargement du livre depuis l'URL: https://www.gutenberg.org/ebooks/74.txt.utf-8
root - INFO - Envoi de la requête GET
root - INFO - Tentative de téléchargement du livre depuis l'URL: https://www.gutenberg.org/ebooks/205.txt.utf-8
root - INFO - Envoi de la requête GET
root - INFO - Tentative de téléchargement du livre depuis l'URL: https://www.gutenberg.org/ebooks/33283.txt.utf-8
root - INFO - Envoi de la requête GET
root - INFO - Code de statut HTTP de la réponse: 200
root - INFO - Tentative de téléchargement du livre depuis l'URL: https://www.gutenberg.org/ebooks/35.txt.utf-8
root - INFO - Envoi de la requête GET
root - INFO - Code de statut HTTP de la réponse: 200
root - INFO - Tentative de téléchargement du livre depuis l'URL: https://www.gutenberg.org/ebooks/24869.txt.utf-8
root - INFO - Envoi de la requête GET
root - INFO - Code de statut HTTP de la réponse: 200
root - INFO - Code de statut HTTP de la réponse: 200
root - INFO - Tentative de téléchargement du livre depuis l'URL: https://www.gutenberg.org/ebooks/40686.txt.utf-8
root - INFO - Envoi de la requête GET
root - INFO - Tentative de téléchargement du livre depuis l'URL: https://www.gutenberg.org/ebooks/70867.txt.utf-8
root - INFO - Envoi de la requête GET
root - INFO - Code de statut HTTP de la réponse: 200
root - INFO - Tentative de téléchargement du livre depuis l'URL: https://www.gutenberg.org/ebooks/8492.txt.utf-8
root - INFO - Envoi de la requête GET
root - INFO - Code de statut HTTP de la réponse: 200
root - INFO - Code de statut HTTP de la réponse: 404
root - ERROR - Impossible de télécharger le livre 'Calculus Made Easy' (code de statut: 404).
root - INFO - Tentative de téléchargement du livre depuis l'URL: https://www.gutenberg.org/ebooks/236.txt.utf-8
root - INFO - Envoi de la requête GET
root - INFO - Tentative de téléchargement du livre depuis l'URL: https://www.gutenberg.org/ebooks/16.txt.utf-8
root - INFO - Envoi de la requête GET
root - INFO - Code de statut HTTP de la réponse: 200
root - INFO - Tentative de téléchargement du livre depuis l'URL: https://www.gutenberg.org/ebooks/308.txt.utf-8
root - INFO - Envoi de la requête GET
root - INFO - Code de statut HTTP de la réponse: 200
root - INFO - Code de statut HTTP de la réponse: 200
root - INFO - Code de statut HTTP de la réponse: 200
root - INFO - Code de statut HTTP de la réponse: 404
root - INFO - Code de statut HTTP de la réponse: 200
root - ERROR - Impossible de télécharger le livre 'The Rámáyan of Válmíki, translated into English verse' (code de statut: 404).
root - INFO - Tentative de téléchargement du livre depuis l'URL: https://www.gutenberg.org/ebooks/36.txt.utf-8
root - INFO - Envoi de la requête GET
root - INFO - Code de statut HTTP de la réponse: 200
root - INFO - Tentative de téléchargement du livre depuis l'URL: https://www.gutenberg.org/ebooks/408.txt.utf-8
root - INFO - Envoi de la requête GET
root - INFO - Tentative de téléchargement du livre depuis l'URL: https://www.gutenberg.org/ebooks/514.txt.utf-8
root - INFO - Envoi de la requête GET
root - INFO - Tentative de téléchargement du livre depuis l'URL: https://www.gutenberg.org/ebooks/1497.txt.utf-8
root - INFO - Envoi de la requête GET
root - INFO - Tentative de téléchargement du livre depuis l'URL: https://www.gutenberg.org/ebooks/70.txt.utf-8
root - INFO - Envoi de la requête GET
root - INFO - Tentative de téléchargement du livre depuis l'URL: https://www.gutenberg.org/ebooks/10.txt.utf-8
root - INFO - Envoi de la requête GET
root - INFO - Code de statut HTTP de la réponse: 200
root - INFO - Tentative de téléchargement du livre depuis l'URL: https://www.gutenberg.org/ebooks/135.txt.utf-8
root - INFO - Envoi de la requête GET
root - INFO - Code de statut HTTP de la réponse: 200
root - INFO - Code de statut HTTP de la réponse: 200
root - INFO - Tentative de téléchargement du livre depuis l'URL: https://www.gutenberg.org/ebooks/219.txt.utf-8
root - INFO - Envoi de la requête GET
root - INFO - Tentative de téléchargement du livre depuis l'URL: https://www.gutenberg.org/ebooks/730.txt.utf-8
root - INFO - Envoi de la requête GET
root - INFO - Code de statut HTTP de la réponse: 200
root - INFO - Code de statut HTTP de la réponse: 200
root - INFO - Tentative de téléchargement du livre depuis l'URL: https://www.gutenberg.org/ebooks/3296.txt.utf-8
root - INFO - Envoi de la requête GET
root - INFO - Code de statut HTTP de la réponse: 200
root - INFO - Tentative de téléchargement du livre depuis l'URL: https://www.gutenberg.org/ebooks/158.txt.utf-8
root - INFO - Envoi de la requête GET
root - INFO - Code de statut HTTP de la réponse: 200
root - INFO - Tentative de téléchargement du livre depuis l'URL: https://www.gutenberg.org/ebooks/70869.txt.utf-8
root - INFO - Envoi de la requête GET
root - INFO - Tentative de téléchargement du livre depuis l'URL: https://www.gutenberg.org/ebooks/766.txt.utf-8
root - INFO - Envoi de la requête GET
root - INFO - Code de statut HTTP de la réponse: 200
root - INFO - Tentative de téléchargement du livre depuis l'URL: https://www.gutenberg.org/ebooks/2852.txt.utf-8
root - INFO - Envoi de la requête GET
root - INFO - Code de statut HTTP de la réponse: 200
root - INFO - Code de statut HTTP de la réponse: 200
root - INFO - Code de statut HTTP de la réponse: 200
root - INFO - Code de statut HTTP de la réponse: 200
root - INFO - Code de statut HTTP de la réponse: 200
root - INFO - Code de statut HTTP de la réponse: 200
root - INFO - Code de statut HTTP de la réponse: 200
root - INFO - Code de statut HTTP de la réponse: 200
root - INFO - Code de statut HTTP de la réponse: 200
root - INFO - Code de statut HTTP de la réponse: 200
root - INFO - Code de statut HTTP de la réponse: 200
root - INFO - Code de statut HTTP de la réponse: 200
root - INFO - Le script a terminé son exécution.
